#
# There is insufficient memory for the Java Runtime Environment to continue.
# Native memory allocation (mmap) failed to map 266338304 bytes for G1 virtual space
# Possible reasons:
#   The system is out of physical RAM or swap space
#   The process is running with CompressedOops enabled, and the Java Heap may be blocking the growth of the native heap
# Possible solutions:
#   Reduce memory load on the system
#   Increase physical memory or swap space
#   Check if swap backing store is full
#   Decrease Java heap size (-Xmx/-Xms)
#   Decrease number of Java threads
#   Decrease Java thread stack sizes (-Xss)
#   Set larger code cache with -XX:ReservedCodeCacheSize=
#   JVM is running with Zero Based Compressed Oops mode in which the Java heap is
#     placed in the first 32GB address space. The Java Heap base address is the
#     maximum limit for the native heap growth. Please use -XX:HeapBaseMinAddress
#     to set the Java Heap base and to place the Java Heap above 32GB virtual address.
# This output file may be truncated or incomplete.
#
#  Out of Memory Error (os_windows.cpp:3527), pid=9652, tid=11724
#
# JRE version:  (19.0+36) (build )
# Java VM: Java HotSpot(TM) 64-Bit Server VM (19+36-2238, mixed mode, sharing, tiered, compressed oops, compressed class ptrs, g1 gc, windows-amd64)
# No core dump will be written. Minidumps are not enabled by default on client versions of Windows
#

---------------  S U M M A R Y ------------

Command Line: -Dfile.encoding=UTF-8 --module-path=D:\FPT\3_Summer_2023\java3\JDBC_Sql_Sever\sqljdbc_12.2.0.0_enu\sqljdbc_12.2\enu\mssql-jdbc-12.2.0.jre11.jar -XX:+ShowCodeDetailsInExceptionMessages com.thuvien.ui.TrangChuJFrame

Host: Intel(R) Core(TM) i5-10210U CPU @ 1.60GHz, 8 cores, 15G,  Windows 11 , 64 bit Build 22621 (10.0.22621.2506)
Time: Mon Dec  4 17:17:24 2023 SE Asia Standard Time elapsed time: 0.012180 seconds (0d 0h 0m 0s)

---------------  T H R E A D  ---------------

Current thread (0x0000020cf3ada7b0):  JavaThread "Unknown thread" [_thread_in_vm, id=11724, stack(0x000000e658000000,0x000000e658100000)]

Stack: [0x000000e658000000,0x000000e658100000]
Native frames: (J=compiled Java code, j=interpreted, Vv=VM code, C=native code)
V  [jvm.dll+0x6ee8fa]
V  [jvm.dll+0x857a1e]
V  [jvm.dll+0x85940e]
V  [jvm.dll+0x859ac3]
V  [jvm.dll+0x28291f]
V  [jvm.dll+0x6eb6e9]
V  [jvm.dll+0x6e028a]
V  [jvm.dll+0x357136]
V  [jvm.dll+0x35eb96]
V  [jvm.dll+0x3b555e]
V  [jvm.dll+0x3b578f]
V  [jvm.dll+0x32c6ea]
V  [jvm.dll+0x32d59e]
V  [jvm.dll+0x821b20]
V  [jvm.dll+0x3c27c1]
V  [jvm.dll+0x8022f1]
V  [jvm.dll+0x44b30f]
V  [jvm.dll+0x44cc91]
C  [jli.dll+0x5287]
C  [ucrtbase.dll+0x29363]
C  [KERNEL32.DLL+0x1257d]
C  [ntdll.dll+0x5aa58]


---------------  P R O C E S S  ---------------

Threads class SMR info:
_java_thread_list=0x00007ffe4ca3d048, length=0, elements={
}

Java Threads: ( => current thread )

Other Threads:
  0x0000020cf3b4cbe0 WorkerThread "GC Thread#0" [stack: 0x000000e658100000,0x000000e658200000] [id=6880]
  0x0000020cf3b5e190 ConcurrentGCThread "G1 Main Marker" [stack: 0x000000e658200000,0x000000e658300000] [id=11812]
  0x0000020cf3b5fbd0 WorkerThread "G1 Conc#0" [stack: 0x000000e658300000,0x000000e658400000] [id=2640]

[error occurred during error reporting (printing all threads), id 0xc0000005, EXCEPTION_ACCESS_VIOLATION (0xc0000005) at pc=0x00007ffe4c1fd127]

VM state: not at safepoint (not fully initialized)

VM Mutex/Monitor currently owned by a thread:  ([mutex/lock_event])
[0x0000020cf3ad5150] Heap_lock - owner thread: 0x0000020cf3ada7b0

Heap address: 0x0000000702e00000, size: 4050 MB, Compressed Oops mode: Zero based, Oop shift amount: 3

CDS archive(s) mapped at: [0x0000000000000000-0x0000000000000000-0x0000000000000000), size 0, SharedBaseAddress: 0x0000000800000000, ArchiveRelocationMode: 0.
Narrow klass base: 0x0000000000000000, Narrow klass shift: 0, Narrow klass range: 0x0

GC Precious Log:
 CardTable entry size: 512
 Card Set container configuration: InlinePtr #cards 4 size 8 Array Of Cards #cards 8 size 32 Howl #buckets 8 coarsen threshold 3686 Howl Bitmap #cards 512 size 80 coarsen threshold 460 Card regions per heap region 1 cards per card region 4096

Heap:
 garbage-first heap   total 0K, used 0K [0x0000000702e00000, 0x0000000800000000)
  region size 2048K, 0 young (0K), 0 survivors (0K)

[error occurred during error reporting (printing heap information), id 0xc0000005, EXCEPTION_ACCESS_VIOLATION (0xc0000005) at pc=0x00007ffe4c606959]

GC Heap History (0 events):
No events

Dll operation events (1 events):
Event: 0.008 Loaded shared library C:\Program Files\Java\jdk-19\bin\java.dll

Deoptimization events (0 events):
No events

Classes loaded (0 events):
No events

Classes unloaded (0 events):
No events

Classes redefined (0 events):
No events

Internal exceptions (0 events):
No events

VM Operations (0 events):
No events

Events (0 events):
No events


Dynamic libraries:
0x00007ff7669e0000 - 0x00007ff7669f0000 	C:\Program Files\Java\jdk-19\bin\javaw.exe
0x00007ffeb7610000 - 0x00007ffeb7827000 	C:\WINDOWS\SYSTEM32\ntdll.dll
0x00007ffeb6f00000 - 0x00007ffeb6fc4000 	C:\WINDOWS\System32\KERNEL32.DLL
0x00007ffeb4e20000 - 0x00007ffeb51c5000 	C:\WINDOWS\System32\KERNELBASE.dll
0x00007ffeb4d00000 - 0x00007ffeb4e11000 	C:\WINDOWS\System32\ucrtbase.dll
0x00007ffea33e0000 - 0x00007ffea33f8000 	C:\Program Files\Java\jdk-19\bin\jli.dll
0x00007ffea34a0000 - 0x00007ffea34bb000 	C:\Program Files\Java\jdk-19\bin\VCRUNTIME140.dll
0x00007ffeb5470000 - 0x00007ffeb5521000 	C:\WINDOWS\System32\ADVAPI32.dll
0x00007ffeb5f70000 - 0x00007ffeb6017000 	C:\WINDOWS\System32\msvcrt.dll
0x00007ffeb70b0000 - 0x00007ffeb7156000 	C:\WINDOWS\System32\sechost.dll
0x00007ffeb7160000 - 0x00007ffeb7277000 	C:\WINDOWS\System32\RPCRT4.dll
0x00007ffeb5940000 - 0x00007ffeb5aee000 	C:\WINDOWS\System32\USER32.dll
0x00007ffeb51d0000 - 0x00007ffeb51f6000 	C:\WINDOWS\System32\win32u.dll
0x00007ffe94fb0000 - 0x00007ffe95243000 	C:\WINDOWS\WinSxS\amd64_microsoft.windows.common-controls_6595b64144ccf1df_6.0.22621.2506_none_270c5ae97388e100\COMCTL32.dll
0x00007ffeb5eb0000 - 0x00007ffeb5ed9000 	C:\WINDOWS\System32\GDI32.dll
0x00007ffeb4a70000 - 0x00007ffeb4b89000 	C:\WINDOWS\System32\gdi32full.dll
0x00007ffeb52c0000 - 0x00007ffeb535a000 	C:\WINDOWS\System32\msvcp_win.dll
0x00007ffeae040000 - 0x00007ffeae04a000 	C:\WINDOWS\SYSTEM32\VERSION.dll
0x00007ffeb5b20000 - 0x00007ffeb5b51000 	C:\WINDOWS\System32\IMM32.DLL
0x00007ffea5b70000 - 0x00007ffea5b7c000 	C:\Program Files\Java\jdk-19\bin\vcruntime140_1.dll
0x00007ffe65160000 - 0x00007ffe651ee000 	C:\Program Files\Java\jdk-19\bin\msvcp140.dll
0x00007ffe4bec0000 - 0x00007ffe4cb80000 	C:\Program Files\Java\jdk-19\bin\server\jvm.dll
0x00007ffeae000000 - 0x00007ffeae034000 	C:\WINDOWS\SYSTEM32\WINMM.dll
0x00007ffe9b330000 - 0x00007ffe9b339000 	C:\WINDOWS\SYSTEM32\WSOCK32.dll
0x00007ffeb72d0000 - 0x00007ffeb7341000 	C:\WINDOWS\System32\WS2_32.dll
0x00007ffeb3a70000 - 0x00007ffeb3a88000 	C:\WINDOWS\SYSTEM32\kernel.appcore.dll
0x00007ffea5890000 - 0x00007ffea589a000 	C:\Program Files\Java\jdk-19\bin\jimage.dll
0x00007ffeb2200000 - 0x00007ffeb2433000 	C:\WINDOWS\SYSTEM32\DBGHELP.DLL
0x00007ffeb55b0000 - 0x00007ffeb5939000 	C:\WINDOWS\System32\combase.dll
0x00007ffeb6fd0000 - 0x00007ffeb70a7000 	C:\WINDOWS\System32\OLEAUT32.dll
0x00007ffe8b450000 - 0x00007ffe8b482000 	C:\WINDOWS\SYSTEM32\dbgcore.DLL
0x00007ffeb4980000 - 0x00007ffeb49fa000 	C:\WINDOWS\System32\bcryptPrimitives.dll
0x00007ffea0e40000 - 0x00007ffea0e66000 	C:\Program Files\Java\jdk-19\bin\java.dll

dbghelp: loaded successfully - version: 4.0.5 - missing functions: none
symbol engine: initialized successfully - sym options: 0x614 - pdb path: .;C:\Program Files\Java\jdk-19\bin;C:\WINDOWS\SYSTEM32;C:\WINDOWS\WinSxS\amd64_microsoft.windows.common-controls_6595b64144ccf1df_6.0.22621.2506_none_270c5ae97388e100;C:\Program Files\Java\jdk-19\bin\server

VM Arguments:
jvm_args: -Dfile.encoding=UTF-8 --module-path=D:\FPT\3_Summer_2023\java3\JDBC_Sql_Sever\sqljdbc_12.2.0.0_enu\sqljdbc_12.2\enu\mssql-jdbc-12.2.0.jre11.jar -XX:+ShowCodeDetailsInExceptionMessages 
java_command: com.thuvien.ui.TrangChuJFrame
java_class_path (initial): D:\FPT\3_Summer_2023\java3\AllSource\Duan1\bin;D:\FPT\3_Summer_2023\java3\AllSource\Duan1\lib\bridj-0.6.2-windows-only.jar;D:\FPT\3_Summer_2023\java3\AllSource\Duan1\lib\core-3.3.0.jar;D:\FPT\3_Summer_2023\java3\AllSource\Duan1\lib\javase-3.3.0.jar;D:\FPT\3_Summer_2023\java3\AllSource\Duan1\lib\webcam-capture-0.3.12.jar;D:\FPT\3_Summer_2023\java3\AllSource\Duan1\lib\jcommon-1.0.23.jar;D:\FPT\3_Summer_2023\java3\AllSource\Duan1\lib\jfreechart-1.5.3.jar;D:\FPT\3_Summer_2023\java3\AllSource\Duan1\lib\itextpdf-5.5.9.jar;D:\FPT\3_Summer_2023\java3\AllSource\Duan1\lib\xmlbeans-5.2.0.jar;D:\FPT\3_Summer_2023\java3\AllSource\Duan1\lib\commons-codec-1.16.0.jar;D:\FPT\3_Summer_2023\java3\AllSource\Duan1\lib\poi-5.2.5.jar;D:\FPT\3_Summer_2023\java3\AllSource\Duan1\lib\poi-ooxml-5.2.5.jar;D:\FPT\3_Summer_2023\java3\AllSource\Duan1\lib\commons-io-2.15.1.jar;D:\FPT\3_Summer_2023\java3\AllSource\Duan1\lib\commons-collections4-4.4.jar;D:\FPT\3_Summer_2023\java3\AllSource\Duan1\lib\log4j-api-2.17.1.jar;D:\FPT\3_Summer_2023\java3\AllSource\Duan1\lib\log4j-core-2.17.1.jar;D:\FPT\3_Summer_2023\java3\AllSource\Duan1\lib\poi-ooxml-lite-5.2.5.jar;D:\FPT\3_Summer_2023\java3\AllSource\Duan1\lib\poi-ooxml-schemas-4.1.2.jar;D:\FPT\3_Summer_2023\java3\AllSource\Duan1\lib\commons-compress-1.25.0.jar;D:\FPT\3_Summer_2023\java3\AllSource\Duan1\lib\log4j-1.2-api-2.22.0.jar;D:\FPT\3_Summer_2023\java3\AllSource\Duan1\lib\log4j-api-2.0-beta3.jar;D:\FPT\3_Summer_2023\java3\AllSource\Duan1\lib\log4j-1.2.17.jar;D:\FPT\3_Summer_2023\java3\AllSource\Duan1\lib\slf4j-log4j12-1.7.7.jar;D:\FPT\3_Summer_2023\java3\AllSource\Duan1\lib\slf4j-api-2.0.9.jar
Launcher Type: SUN_STANDARD

[Global flags]
     intx CICompilerCount                          = 4                                         {product} {ergonomic}
     uint ConcGCThreads                            = 2                                         {product} {ergonomic}
     uint G1ConcRefinementThreads                  = 8                                         {product} {ergonomic}
   size_t G1HeapRegionSize                         = 2097152                                   {product} {ergonomic}
    uintx GCDrainStackTargetSize                   = 64                                        {product} {ergonomic}
   size_t InitialHeapSize                          = 266338304                                 {product} {ergonomic}
   size_t MarkStackSize                            = 4194304                                   {product} {ergonomic}
   size_t MaxHeapSize                              = 4246732800                                {product} {ergonomic}
   size_t MinHeapDeltaBytes                        = 2097152                                   {product} {ergonomic}
   size_t MinHeapSize                              = 8388608                                   {product} {ergonomic}
    uintx NonNMethodCodeHeapSize                   = 5839372                                {pd product} {ergonomic}
    uintx NonProfiledCodeHeapSize                  = 122909434                              {pd product} {ergonomic}
    uintx ProfiledCodeHeapSize                     = 122909434                              {pd product} {ergonomic}
    uintx ReservedCodeCacheSize                    = 251658240                              {pd product} {ergonomic}
     bool SegmentedCodeCache                       = true                                      {product} {ergonomic}
     bool ShowCodeDetailsInExceptionMessages       = true                                   {manageable} {command line}
   size_t SoftMaxHeapSize                          = 4246732800                             {manageable} {ergonomic}
     bool UseCompressedClassPointers               = true                           {product lp64_product} {ergonomic}
     bool UseCompressedOops                        = true                           {product lp64_product} {ergonomic}
     bool UseG1GC                                  = true                                      {product} {ergonomic}
     bool UseLargePagesIndividualAllocation        = false                                  {pd product} {ergonomic}

Logging:
Log output configuration:
 #0: stdout all=warning uptime,level,tags foldmultilines=false
 #1: stderr all=off uptime,level,tags foldmultilines=false

Environment Variables:
PATH=C:\Program Files\Common Files\Oracle\Java\javapath;C:\WINDOWS\system32;C:\WINDOWS;C:\WINDOWS\System32\Wbem;C:\WINDOWS\System32\WindowsPowerShell\v1.0\;C:\WINDOWS\System32\OpenSSH\;C:\Program Files\dotnet\;C:\Program Files (x86)\Microsoft SQL Server\160\Tools\Binn\;C:\Program Files\Microsoft SQL Server\160\Tools\Binn\;C:\Program Files\Microsoft SQL Server\Client SDK\ODBC\170\Tools\Binn\;C:\Program Files\Microsoft SQL Server\160\DTS\Binn\;C:\Program Files (x86)\Microsoft SQL Server\160\DTS\Binn\;C:\Program Files\Azure Data Studio\bin;H:\APP_Dowload\Git\cmd;H:\Application_Dowloaded\GIT_Dowload\Git\cmd;C:\Users\Administrator\AppData\Local\Microsoft\WindowsApps;C:\Users\Administrator\AppData\Local\Programs\Microsoft VS Code\bin;C:\Program Files\Azure Data Studio\bin;C:\Program Files\Azure Data Studio\bin;C:\Program Files\Azure Data Studio\bin;H:\APP_Dowload\IntelliJ IDEA Community Edition 2023.2\bin;;C:\Users\Administrator\AppData\Local\GitHubDesktop\bin
USERNAME=Administrator
OS=Windows_NT
PROCESSOR_IDENTIFIER=Intel64 Family 6 Model 142 Stepping 12, GenuineIntel
TMP=C:\Users\ADMINI~1\AppData\Local\Temp
TEMP=C:\Users\ADMINI~1\AppData\Local\Temp



---------------  S Y S T E M  ---------------

OS:
 Windows 11 , 64 bit Build 22621 (10.0.22621.2506)
OS uptime: 1 days 20:58 hours

CPU: total 8 (initial active 8) (4 cores per cpu, 2 threads per core) family 6 model 142 stepping 12 microcode 0xf8, cx8, cmov, fxsr, ht, mmx, 3dnowpref, sse, sse2, sse3, ssse3, sse4.1, sse4.2, popcnt, lzcnt, tsc, tscinvbit, avx, avx2, aes, erms, clmul, bmi1, bmi2, adx, fma, vzeroupper, clflush, clflushopt, rdtscp

Memory: 4k page, system-wide physical 16198M (3894M free)
TotalPageFile size 18220M (AvailPageFile size 175M)
current process WorkingSet (physical memory assigned to process): 11M, peak: 11M
current process commit charge ("private bytes"): 60M, peak: 314M

vm_info: Java HotSpot(TM) 64-Bit Server VM (19+36-2238) for windows-amd64 JRE (19+36-2238), built on 2022-08-12T20:29:01Z by "mach5one" with MS VC++ 17.1 (VS2022)

END.
