#
# There is insufficient memory for the Java Runtime Environment to continue.
# Native memory allocation (mmap) failed to map 266338304 bytes for G1 virtual space
# Possible reasons:
#   The system is out of physical RAM or swap space
#   The process is running with CompressedOops enabled, and the Java Heap may be blocking the growth of the native heap
# Possible solutions:
#   Reduce memory load on the system
#   Increase physical memory or swap space
#   Check if swap backing store is full
#   Decrease Java heap size (-Xmx/-Xms)
#   Decrease number of Java threads
#   Decrease Java thread stack sizes (-Xss)
#   Set larger code cache with -XX:ReservedCodeCacheSize=
#   JVM is running with Zero Based Compressed Oops mode in which the Java heap is
#     placed in the first 32GB address space. The Java Heap base address is the
#     maximum limit for the native heap growth. Please use -XX:HeapBaseMinAddress
#     to set the Java Heap base and to place the Java Heap above 32GB virtual address.
# This output file may be truncated or incomplete.
#
#  Out of Memory Error (os_windows.cpp:3527), pid=17464, tid=20528
#
# JRE version:  (19.0+36) (build )
# Java VM: Java HotSpot(TM) 64-Bit Server VM (19+36-2238, mixed mode, sharing, tiered, compressed oops, compressed class ptrs, g1 gc, windows-amd64)
# No core dump will be written. Minidumps are not enabled by default on client versions of Windows
#

---------------  S U M M A R Y ------------

Command Line: -Dfile.encoding=UTF-8 --module-path=D:\FPT\3_Summer_2023\java3\JDBC_Sql_Sever\sqljdbc_12.2.0.0_enu\sqljdbc_12.2\enu\mssql-jdbc-12.2.0.jre11.jar -XX:+ShowCodeDetailsInExceptionMessages com.thuvien.ui.TrangChuJFrame

Host: Intel(R) Core(TM) i5-10210U CPU @ 1.60GHz, 8 cores, 15G,  Windows 11 , 64 bit Build 22621 (10.0.22621.2506)
Time: Mon Nov 13 19:12:45 2023 SE Asia Standard Time elapsed time: 0.015446 seconds (0d 0h 0m 0s)

---------------  T H R E A D  ---------------

Current thread (0x000002b373428880):  JavaThread "Unknown thread" [_thread_in_vm, id=20528, stack(0x000000dfad000000,0x000000dfad100000)]

Stack: [0x000000dfad000000,0x000000dfad100000]
Native frames: (J=compiled Java code, j=interpreted, Vv=VM code, C=native code)
V  [jvm.dll+0x6ee8fa]
V  [jvm.dll+0x857a1e]
V  [jvm.dll+0x85940e]
V  [jvm.dll+0x859ac3]
V  [jvm.dll+0x28291f]
V  [jvm.dll+0x6eb6e9]
V  [jvm.dll+0x6e028a]
V  [jvm.dll+0x357136]
V  [jvm.dll+0x35eb96]
V  [jvm.dll+0x3b555e]
V  [jvm.dll+0x3b578f]
V  [jvm.dll+0x32c6ea]
V  [jvm.dll+0x32d59e]
V  [jvm.dll+0x821b20]
V  [jvm.dll+0x3c27c1]
V  [jvm.dll+0x8022f1]
V  [jvm.dll+0x44b30f]
V  [jvm.dll+0x44cc91]
C  [jli.dll+0x5287]
C  [ucrtbase.dll+0x29363]
C  [KERNEL32.DLL+0x1257d]
C  [ntdll.dll+0x5aa58]


---------------  P R O C E S S  ---------------

Threads class SMR info:
_java_thread_list=0x00007fff6963d048, length=0, elements={
}

Java Threads: ( => current thread )

Other Threads:
  0x000002b3734994b0 WorkerThread "GC Thread#0" [stack: 0x000000dfad100000,0x000000dfad200000] [id=9004]
  0x000002b3734aaa60 ConcurrentGCThread "G1 Main Marker" [stack: 0x000000dfad200000,0x000000dfad300000] [id=15648]
  0x000002b3734ab490 WorkerThread "G1 Conc#0" [stack: 0x000000dfad300000,0x000000dfad400000] [id=12044]

[error occurred during error reporting (printing all threads), id 0xc0000005, EXCEPTION_ACCESS_VIOLATION (0xc0000005) at pc=0x00007fff68dfd127]

VM state: not at safepoint (not fully initialized)

VM Mutex/Monitor currently owned by a thread:  ([mutex/lock_event])
[0x000002b373424910] Heap_lock - owner thread: 0x000002b373428880

Heap address: 0x0000000702e00000, size: 4050 MB, Compressed Oops mode: Zero based, Oop shift amount: 3

CDS archive(s) mapped at: [0x0000000000000000-0x0000000000000000-0x0000000000000000), size 0, SharedBaseAddress: 0x0000000800000000, ArchiveRelocationMode: 0.
Narrow klass base: 0x0000000000000000, Narrow klass shift: 0, Narrow klass range: 0x0

GC Precious Log:
 CardTable entry size: 512
 Card Set container configuration: InlinePtr #cards 4 size 8 Array Of Cards #cards 8 size 32 Howl #buckets 8 coarsen threshold 3686 Howl Bitmap #cards 512 size 80 coarsen threshold 460 Card regions per heap region 1 cards per card region 4096

Heap:
 garbage-first heap   total 0K, used 0K [0x0000000702e00000, 0x0000000800000000)
  region size 2048K, 0 young (0K), 0 survivors (0K)

[error occurred during error reporting (printing heap information), id 0xc0000005, EXCEPTION_ACCESS_VIOLATION (0xc0000005) at pc=0x00007fff69206959]

GC Heap History (0 events):
No events

Dll operation events (1 events):
Event: 0.011 Loaded shared library C:\Program Files\Java\jdk-19\bin\java.dll

Deoptimization events (0 events):
No events

Classes loaded (0 events):
No events

Classes unloaded (0 events):
No events

Classes redefined (0 events):
No events

Internal exceptions (0 events):
No events

VM Operations (0 events):
No events

Events (0 events):
No events


Dynamic libraries:
0x00007ff759ad0000 - 0x00007ff759ae0000 	C:\Program Files\Java\jdk-19\bin\javaw.exe
0x00007fffd4b10000 - 0x00007fffd4d27000 	C:\WINDOWS\SYSTEM32\ntdll.dll
0x00007fffd3100000 - 0x00007fffd31c4000 	C:\WINDOWS\System32\KERNEL32.DLL
0x00007fffd22d0000 - 0x00007fffd2677000 	C:\WINDOWS\System32\KERNELBASE.dll
0x00007fffd20f0000 - 0x00007fffd2201000 	C:\WINDOWS\System32\ucrtbase.dll
0x00007fffcb8a0000 - 0x00007fffcb8bb000 	C:\Program Files\Java\jdk-19\bin\VCRUNTIME140.dll
0x00007fffc13f0000 - 0x00007fffc1408000 	C:\Program Files\Java\jdk-19\bin\jli.dll
0x00007fffd47b0000 - 0x00007fffd4860000 	C:\WINDOWS\System32\ADVAPI32.dll
0x00007fffd2ee0000 - 0x00007fffd2f87000 	C:\WINDOWS\System32\msvcrt.dll
0x00007fffd2a90000 - 0x00007fffd2b36000 	C:\WINDOWS\System32\sechost.dll
0x00007fffd2ce0000 - 0x00007fffd2df7000 	C:\WINDOWS\System32\RPCRT4.dll
0x00007fffd4600000 - 0x00007fffd47ae000 	C:\WINDOWS\System32\USER32.dll
0x00007fffd1f30000 - 0x00007fffd1f56000 	C:\WINDOWS\System32\win32u.dll
0x00007fffb24b0000 - 0x00007fffb2743000 	C:\WINDOWS\WinSxS\amd64_microsoft.windows.common-controls_6595b64144ccf1df_6.0.22621.2506_none_270c5ae97388e100\COMCTL32.dll
0x00007fffd2880000 - 0x00007fffd28a9000 	C:\WINDOWS\System32\GDI32.dll
0x00007fffd1fd0000 - 0x00007fffd20e9000 	C:\WINDOWS\System32\gdi32full.dll
0x00007fffd1e90000 - 0x00007fffd1f2a000 	C:\WINDOWS\System32\msvcp_win.dll
0x00007fffcb950000 - 0x00007fffcb95a000 	C:\WINDOWS\SYSTEM32\VERSION.dll
0x00007fffd4a40000 - 0x00007fffd4a71000 	C:\WINDOWS\System32\IMM32.DLL
0x00007fffc2de0000 - 0x00007fffc2dec000 	C:\Program Files\Java\jdk-19\bin\vcruntime140_1.dll
0x00007fffbc880000 - 0x00007fffbc90e000 	C:\Program Files\Java\jdk-19\bin\msvcp140.dll
0x00007fff68ac0000 - 0x00007fff69780000 	C:\Program Files\Java\jdk-19\bin\server\jvm.dll
0x00007fffcb660000 - 0x00007fffcb694000 	C:\WINDOWS\SYSTEM32\WINMM.dll
0x00007fffb90f0000 - 0x00007fffb90f9000 	C:\WINDOWS\SYSTEM32\WSOCK32.dll
0x00007fffd4860000 - 0x00007fffd48d1000 	C:\WINDOWS\System32\WS2_32.dll
0x00007fffd0f80000 - 0x00007fffd0f98000 	C:\WINDOWS\SYSTEM32\kernel.appcore.dll
0x00007fffc13e0000 - 0x00007fffc13ea000 	C:\Program Files\Java\jdk-19\bin\jimage.dll
0x00007fffcf6f0000 - 0x00007fffcf923000 	C:\WINDOWS\SYSTEM32\DBGHELP.DLL
0x00007fffd32d0000 - 0x00007fffd3659000 	C:\WINDOWS\System32\combase.dll
0x00007fffd2f90000 - 0x00007fffd3067000 	C:\WINDOWS\System32\OLEAUT32.dll
0x00007fffa94a0000 - 0x00007fffa94d2000 	C:\WINDOWS\SYSTEM32\dbgcore.DLL
0x00007fffd2680000 - 0x00007fffd26fa000 	C:\WINDOWS\System32\bcryptPrimitives.dll
0x00007fffbe3f0000 - 0x00007fffbe416000 	C:\Program Files\Java\jdk-19\bin\java.dll

dbghelp: loaded successfully - version: 4.0.5 - missing functions: none
symbol engine: initialized successfully - sym options: 0x614 - pdb path: .;C:\Program Files\Java\jdk-19\bin;C:\WINDOWS\SYSTEM32;C:\WINDOWS\WinSxS\amd64_microsoft.windows.common-controls_6595b64144ccf1df_6.0.22621.2506_none_270c5ae97388e100;C:\Program Files\Java\jdk-19\bin\server

VM Arguments:
jvm_args: -Dfile.encoding=UTF-8 --module-path=D:\FPT\3_Summer_2023\java3\JDBC_Sql_Sever\sqljdbc_12.2.0.0_enu\sqljdbc_12.2\enu\mssql-jdbc-12.2.0.jre11.jar -XX:+ShowCodeDetailsInExceptionMessages 
java_command: com.thuvien.ui.TrangChuJFrame
java_class_path (initial): D:\FPT\3_Summer_2023\java3\AllSource\Duan1\bin
Launcher Type: SUN_STANDARD

[Global flags]
     intx CICompilerCount                          = 4                                         {product} {ergonomic}
     uint ConcGCThreads                            = 2                                         {product} {ergonomic}
     uint G1ConcRefinementThreads                  = 8                                         {product} {ergonomic}
   size_t G1HeapRegionSize                         = 2097152                                   {product} {ergonomic}
    uintx GCDrainStackTargetSize                   = 64                                        {product} {ergonomic}
   size_t InitialHeapSize                          = 266338304                                 {product} {ergonomic}
   size_t MarkStackSize                            = 4194304                                   {product} {ergonomic}
   size_t MaxHeapSize                              = 4246732800                                {product} {ergonomic}
   size_t MinHeapDeltaBytes                        = 2097152                                   {product} {ergonomic}
   size_t MinHeapSize                              = 8388608                                   {product} {ergonomic}
    uintx NonNMethodCodeHeapSize                   = 5839372                                {pd product} {ergonomic}
    uintx NonProfiledCodeHeapSize                  = 122909434                              {pd product} {ergonomic}
    uintx ProfiledCodeHeapSize                     = 122909434                              {pd product} {ergonomic}
    uintx ReservedCodeCacheSize                    = 251658240                              {pd product} {ergonomic}
     bool SegmentedCodeCache                       = true                                      {product} {ergonomic}
     bool ShowCodeDetailsInExceptionMessages       = true                                   {manageable} {command line}
   size_t SoftMaxHeapSize                          = 4246732800                             {manageable} {ergonomic}
     bool UseCompressedClassPointers               = true                           {product lp64_product} {ergonomic}
     bool UseCompressedOops                        = true                           {product lp64_product} {ergonomic}
     bool UseG1GC                                  = true                                      {product} {ergonomic}
     bool UseLargePagesIndividualAllocation        = false                                  {pd product} {ergonomic}

Logging:
Log output configuration:
 #0: stdout all=warning uptime,level,tags foldmultilines=false
 #1: stderr all=off uptime,level,tags foldmultilines=false

Environment Variables:
PATH=C:\Program Files\Common Files\Oracle\Java\javapath;C:\WINDOWS\system32;C:\WINDOWS;C:\WINDOWS\System32\Wbem;C:\WINDOWS\System32\WindowsPowerShell\v1.0\;C:\WINDOWS\System32\OpenSSH\;C:\Program Files\dotnet\;C:\Program Files (x86)\Microsoft SQL Server\160\Tools\Binn\;C:\Program Files\Microsoft SQL Server\160\Tools\Binn\;C:\Program Files\Microsoft SQL Server\Client SDK\ODBC\170\Tools\Binn\;C:\Program Files\Microsoft SQL Server\160\DTS\Binn\;C:\Program Files (x86)\Microsoft SQL Server\160\DTS\Binn\;C:\Program Files\Azure Data Studio\bin;H:\APP_Dowload\Git\cmd;H:\Application_Dowloaded\GIT_Dowload\Git\cmd;C:\Users\Administrator\AppData\Local\Microsoft\WindowsApps;C:\Users\Administrator\AppData\Local\Programs\Microsoft VS Code\bin;C:\Program Files\Azure Data Studio\bin;C:\Program Files\Azure Data Studio\bin;C:\Program Files\Azure Data Studio\bin;H:\APP_Dowload\IntelliJ IDEA Community Edition 2023.2\bin;;C:\Users\Administrator\AppData\Local\GitHubDesktop\bin
USERNAME=Administrator
OS=Windows_NT
PROCESSOR_IDENTIFIER=Intel64 Family 6 Model 142 Stepping 12, GenuineIntel
TMP=C:\Users\ADMINI~1\AppData\Local\Temp
TEMP=C:\Users\ADMINI~1\AppData\Local\Temp



---------------  S Y S T E M  ---------------

OS:
 Windows 11 , 64 bit Build 22621 (10.0.22621.2506)
OS uptime: 3 days 0:46 hours

CPU: total 8 (initial active 8) (4 cores per cpu, 2 threads per core) family 6 model 142 stepping 12 microcode 0xf8, cx8, cmov, fxsr, ht, mmx, 3dnowpref, sse, sse2, sse3, ssse3, sse4.1, sse4.2, popcnt, lzcnt, tsc, tscinvbit, avx, avx2, aes, erms, clmul, bmi1, bmi2, adx, fma, vzeroupper, clflush, clflushopt, rdtscp

Memory: 4k page, system-wide physical 16198M (4875M free)
TotalPageFile size 18196M (AvailPageFile size 86M)
current process WorkingSet (physical memory assigned to process): 11M, peak: 11M
current process commit charge ("private bytes"): 60M, peak: 314M

vm_info: Java HotSpot(TM) 64-Bit Server VM (19+36-2238) for windows-amd64 JRE (19+36-2238), built on 2022-08-12T20:29:01Z by "mach5one" with MS VC++ 17.1 (VS2022)

END.
